<?xml version="1.0" encoding="UTF-8"?>
<testsuite name="com.web.dto.HelloResponseDtoTest" tests="1" skipped="0" failures="0" errors="0" timestamp="2021-01-10T12:14:51" hostname="DESKTOP-AUVOQ6B" time="0.079">
  <properties/>
  <testcase name="롬복_기능_테스트()" classname="com.web.dto.HelloResponseDtoTest" time="0.079"/>
  <system-out><![CDATA[]]></system-out>
  <system-err><![CDATA[]]></system-err>
</testsuite>
